This file contains any messages produced by compilers while
running configure, to aid debugging if configure makes a mistake.

It was created by yaml configure 0.1.5, which was
generated by GNU Autoconf 2.68.  Invocation command line was

  $ ./configure 

## --------- ##
## Platform. ##
## --------- ##

hostname = air-dmitrij.xored.local
uname -m = x86_64
uname -r = 14.0.0
uname -s = Darwin
uname -v = Darwin Kernel Version 14.0.0: Fri Sep 19 00:26:44 PDT 2014; root:xnu-2782.1.97~2/RELEASE_X86_64

/usr/bin/uname -p = i386
/bin/uname -X     = unknown

/bin/arch              = unknown
/usr/bin/arch -k       = unknown
/usr/convex/getsysinfo = unknown
/usr/bin/hostinfo      = Mach kernel version:
	 Darwin Kernel Version 14.0.0: Fri Sep 19 00:26:44 PDT 2014; root:xnu-2782.1.97~2/RELEASE_X86_64
Kernel configured for up to 4 processors.
2 processors are physically available.
4 processors are logically available.
Processor type: i486 (Intel 80486)
Processors active: 0 1 2 3
Primary memory available: 4.00 gigabytes
Default processor set: 191 tasks, 881 threads, 4 processors
Load average: 0.74, Mach factor: 3.24
/bin/machine           = unknown
/usr/bin/oslevel       = unknown
/bin/universe          = unknown

PATH: /usr/local/bin
PATH: /Users/dima/prime/ws/ps-tools/scripts
PATH: /Users/dima/agnostic/src
PATH: /usr/local/bin
PATH: /usr/bin
PATH: /bin
PATH: /usr/sbin
PATH: /sbin
PATH: /opt/X11/bin
PATH: /usr/local/MacGPG2/bin


## ----------- ##
## Core tests. ##
## ----------- ##

configure:2284: checking for a BSD-compatible install
configure:2352: result: /usr/bin/install -c
configure:2363: checking whether build environment is sane
configure:2413: result: yes
configure:2554: checking for a thread-safe mkdir -p
configure:2593: result: config/install-sh -c -d
configure:2606: checking for gawk
configure:2636: result: no
configure:2606: checking for mawk
configure:2636: result: no
configure:2606: checking for nawk
configure:2636: result: no
configure:2606: checking for awk
configure:2622: found /usr/bin/awk
configure:2633: result: awk
configure:2644: checking whether make sets $(MAKE)
configure:2666: result: yes
configure:2822: checking for gcc
configure:2838: found /usr/bin/gcc
configure:2849: result: gcc
configure:3078: checking for C compiler version
configure:3087: gcc --version >&5
Apple LLVM version 6.0 (clang-600.0.56) (based on LLVM 3.5svn)
Target: x86_64-apple-darwin14.0.0
Thread model: posix
Configured with: --prefix=/Applications/Xcode.app/Contents/Developer/usr --with-gxx-include-dir=/usr/include/c++/4.2.1
configure:3098: $? = 0
configure:3087: gcc -v >&5
Configured with: --prefix=/Applications/Xcode.app/Contents/Developer/usr --with-gxx-include-dir=/usr/include/c++/4.2.1
Apple LLVM version 6.0 (clang-600.0.56) (based on LLVM 3.5svn)
Target: x86_64-apple-darwin14.0.0
Thread model: posix
configure:3098: $? = 0
configure:3087: gcc -V >&5
clang: error: argument to '-V' is missing (expected 1 value)
clang: error: no input files
configure:3098: $? = 1
configure:3087: gcc -qversion >&5
clang: error: unknown argument: '-qversion'
clang: error: no input files
configure:3098: $? = 1
configure:3118: checking whether the C compiler works
configure:3140: gcc    conftest.c  >&5
configure:3144: $? = 0
configure:3192: result: yes
configure:3195: checking for C compiler default output file name
configure:3197: result: a.out
configure:3203: checking for suffix of executables
configure:3210: gcc -o conftest    conftest.c  >&5
configure:3214: $? = 0
configure:3236: result: 
configure:3258: checking whether we are cross compiling
configure:3266: gcc -o conftest    conftest.c  >&5
configure:3270: $? = 0
configure:3277: ./conftest
configure:3281: $? = 0
configure:3296: result: no
configure:3301: checking for suffix of object files
configure:3323: gcc -c   conftest.c >&5
configure:3327: $? = 0
configure:3348: result: o
configure:3352: checking whether we are using the GNU C compiler
configure:3371: gcc -c   conftest.c >&5
configure:3371: $? = 0
configure:3380: result: yes
configure:3389: checking whether gcc accepts -g
configure:3409: gcc -c -g  conftest.c >&5
configure:3409: $? = 0
configure:3450: result: yes
configure:3467: checking for gcc option to accept ISO C89
configure:3531: gcc  -c -g -O2  conftest.c >&5
configure:3531: $? = 0
configure:3544: result: none needed
configure:3575: checking for style of include used by make
configure:3603: result: GNU
configure:3629: checking dependency style of gcc
configure:3740: result: gcc3
configure:3760: checking how to run the C preprocessor
configure:3791: gcc -E  conftest.c
configure:3791: $? = 0
configure:3805: gcc -E  conftest.c
conftest.c:15:10: fatal error: 'ac_nonexistent.h' file not found
#include <ac_nonexistent.h>
         ^
1 error generated.
configure:3805: $? = 1
configure: failed program was:
| /* confdefs.h */
| #define PACKAGE_NAME "yaml"
| #define PACKAGE_TARNAME "yaml"
| #define PACKAGE_VERSION "0.1.5"
| #define PACKAGE_STRING "yaml 0.1.5"
| #define PACKAGE_BUGREPORT "http://pyyaml.org/newticket?component=libyaml"
| #define PACKAGE_URL ""
| #define PACKAGE "yaml"
| #define VERSION "0.1.5"
| #define YAML_VERSION_MAJOR 0
| #define YAML_VERSION_MINOR 1
| #define YAML_VERSION_PATCH 5
| #define YAML_VERSION_STRING "0.1.5"
| /* end confdefs.h.  */
| #include <ac_nonexistent.h>
configure:3830: result: gcc -E
configure:3850: gcc -E  conftest.c
configure:3850: $? = 0
configure:3864: gcc -E  conftest.c
conftest.c:15:10: fatal error: 'ac_nonexistent.h' file not found
#include <ac_nonexistent.h>
         ^
1 error generated.
configure:3864: $? = 1
configure: failed program was:
| /* confdefs.h */
| #define PACKAGE_NAME "yaml"
| #define PACKAGE_TARNAME "yaml"
| #define PACKAGE_VERSION "0.1.5"
| #define PACKAGE_STRING "yaml 0.1.5"
| #define PACKAGE_BUGREPORT "http://pyyaml.org/newticket?component=libyaml"
| #define PACKAGE_URL ""
| #define PACKAGE "yaml"
| #define VERSION "0.1.5"
| #define YAML_VERSION_MAJOR 0
| #define YAML_VERSION_MINOR 1
| #define YAML_VERSION_PATCH 5
| #define YAML_VERSION_STRING "0.1.5"
| /* end confdefs.h.  */
| #include <ac_nonexistent.h>
configure:3893: checking whether ln -s works
configure:3897: result: yes
configure:3904: checking whether make sets $(MAKE)
configure:3926: result: yes
configure:3964: checking build system type
configure:3978: result: x86_64-apple-darwin14.0.0
configure:3998: checking host system type
configure:4011: result: x86_64-apple-darwin14.0.0
configure:4052: checking how to print strings
configure:4079: result: printf
configure:4100: checking for a sed that does not truncate output
configure:4164: result: /usr/bin/sed
configure:4182: checking for grep that handles long lines and -e
configure:4240: result: /usr/bin/grep
configure:4245: checking for egrep
configure:4307: result: /usr/bin/grep -E
configure:4312: checking for fgrep
configure:4374: result: /usr/bin/grep -F
configure:4409: checking for ld used by gcc
configure:4476: result: /Applications/Xcode.app/Contents/Developer/Toolchains/XcodeDefault.xctoolchain/usr/bin/ld
configure:4483: checking if the linker (/Applications/Xcode.app/Contents/Developer/Toolchains/XcodeDefault.xctoolchain/usr/bin/ld) is GNU ld
configure:4498: result: no
configure:4510: checking for BSD- or MS-compatible name lister (nm)
configure:4559: result: /usr/bin/nm
configure:4689: checking the name lister (/usr/bin/nm) interface
configure:4696: gcc -c -g -O2  conftest.c >&5
configure:4699: /usr/bin/nm "conftest.o"
configure:4702: output
000000000000021c S _some_variable
configure:4709: result: BSD nm
configure:4713: checking the maximum length of command line arguments
configure:4843: result: 196608
configure:4860: checking whether the shell understands some XSI constructs
configure:4870: result: yes
configure:4874: checking whether the shell understands "+="
configure:4880: result: yes
configure:4915: checking how to convert x86_64-apple-darwin14.0.0 file names to x86_64-apple-darwin14.0.0 format
configure:4955: result: func_convert_file_noop
configure:4962: checking how to convert x86_64-apple-darwin14.0.0 file names to toolchain format
configure:4982: result: func_convert_file_noop
configure:4989: checking for /Applications/Xcode.app/Contents/Developer/Toolchains/XcodeDefault.xctoolchain/usr/bin/ld option to reload object files
configure:4996: result: -r
configure:5070: checking for objdump
configure:5100: result: no
configure:5129: checking how to recognize dependent libraries
configure:5331: result: pass_all
configure:5416: checking for dlltool
configure:5446: result: no
configure:5476: checking how to associate runtime and link libraries
configure:5503: result: printf %s\n
configure:5564: checking for ar
configure:5580: found /usr/bin/ar
configure:5591: result: ar
configure:5628: checking for archiver @FILE support
configure:5645: gcc -c -g -O2  conftest.c >&5
configure:5645: $? = 0
configure:5648: ar cru libconftest.a @conftest.lst >&5
ar: @conftest.lst: No such file or directory
configure:5651: $? = 1
configure:5671: result: no
configure:5729: checking for strip
configure:5745: found /usr/bin/strip
configure:5756: result: strip
configure:5828: checking for ranlib
configure:5844: found /usr/bin/ranlib
configure:5855: result: ranlib
configure:5957: checking command to parse /usr/bin/nm output from gcc object
configure:6077: gcc -c -g -O2  conftest.c >&5
configure:6080: $? = 0
configure:6084: /usr/bin/nm conftest.o \| sed -n -e 's/^.*[ ]\([BCDEGRST][BCDEGRST]*\)[ ][ ]*\([_A-Za-z][_A-Za-z0-9]*\)$/\1 \2 \2/p' | sed '/ __gnu_lto/d' \> conftest.nm
configure:6087: $? = 0
cannot find nm_test_var in conftest.nm
configure:6077: gcc -c -g -O2  conftest.c >&5
configure:6080: $? = 0
configure:6084: /usr/bin/nm conftest.o \| sed -n -e 's/^.*[ ]\([BCDEGRST][BCDEGRST]*\)[ ][ ]*_\([_A-Za-z][_A-Za-z0-9]*\)$/\1 _\2 \2/p' | sed '/ __gnu_lto/d' \> conftest.nm
configure:6087: $? = 0
configure:6153: gcc -o conftest -g -O2   conftest.c conftstm.o >&5
configure:6156: $? = 0
configure:6194: result: ok
configure:6231: checking for sysroot
configure:6261: result: no
configure:6517: checking for mt
configure:6547: result: no
configure:6567: checking if : is a manifest tool
configure:6573: : '-?'
configure:6581: result: no
configure:6637: checking for dsymutil
configure:6653: found /usr/bin/dsymutil
configure:6664: result: dsymutil
configure:6729: checking for nmedit
configure:6745: found /usr/bin/nmedit
configure:6756: result: nmedit
configure:6821: checking for lipo
configure:6837: found /usr/bin/lipo
configure:6848: result: lipo
configure:6913: checking for otool
configure:6929: found /usr/bin/otool
configure:6940: result: otool
configure:7005: checking for otool64
configure:7035: result: no
configure:7080: checking for -single_module linker flag
gcc -g -O2  -o libconftest.dylib -dynamiclib -Wl,-single_module conftest.c
configure:7113: result: yes
configure:7116: checking for -exported_symbols_list linker flag
configure:7136: gcc -o conftest -g -O2   -Wl,-exported_symbols_list,conftest.sym conftest.c  >&5
configure:7136: $? = 0
configure:7146: result: yes
configure:7149: checking for -force_load linker flag
gcc -g -O2 -c -o conftest.o conftest.c
ar cru libconftest.a conftest.o
ranlib libconftest.a
gcc -g -O2  -o conftest conftest.c -Wl,-force_load,./libconftest.a
configure:7181: result: yes
configure:7219: checking for ANSI C header files
configure:7239: gcc -c -g -O2  conftest.c >&5
configure:7239: $? = 0
configure:7312: gcc -o conftest -g -O2   conftest.c  >&5
configure:7312: $? = 0
configure:7312: ./conftest
configure:7312: $? = 0
configure:7323: result: yes
configure:7336: checking for sys/types.h
configure:7336: gcc -c -g -O2  conftest.c >&5
configure:7336: $? = 0
configure:7336: result: yes
configure:7336: checking for sys/stat.h
configure:7336: gcc -c -g -O2  conftest.c >&5
configure:7336: $? = 0
configure:7336: result: yes
configure:7336: checking for stdlib.h
configure:7336: gcc -c -g -O2  conftest.c >&5
configure:7336: $? = 0
configure:7336: result: yes
configure:7336: checking for string.h
configure:7336: gcc -c -g -O2  conftest.c >&5
configure:7336: $? = 0
configure:7336: result: yes
configure:7336: checking for memory.h
configure:7336: gcc -c -g -O2  conftest.c >&5
configure:7336: $? = 0
configure:7336: result: yes
configure:7336: checking for strings.h
configure:7336: gcc -c -g -O2  conftest.c >&5
configure:7336: $? = 0
configure:7336: result: yes
configure:7336: checking for inttypes.h
configure:7336: gcc -c -g -O2  conftest.c >&5
configure:7336: $? = 0
configure:7336: result: yes
configure:7336: checking for stdint.h
configure:7336: gcc -c -g -O2  conftest.c >&5
configure:7336: $? = 0
configure:7336: result: yes
configure:7336: checking for unistd.h
configure:7336: gcc -c -g -O2  conftest.c >&5
configure:7336: $? = 0
configure:7336: result: yes
configure:7350: checking for dlfcn.h
configure:7350: gcc -c -g -O2  conftest.c >&5
configure:7350: $? = 0
configure:7350: result: yes
configure:7556: checking for objdir
configure:7571: result: .libs
configure:7838: checking if gcc supports -fno-rtti -fno-exceptions
configure:7856: gcc -c -g -O2  -fno-rtti -fno-exceptions conftest.c >&5
configure:7860: $? = 0
configure:7873: result: yes
configure:8200: checking for gcc option to produce PIC
configure:8207: result: -fno-common -DPIC
configure:8215: checking if gcc PIC flag -fno-common -DPIC works
configure:8233: gcc -c -g -O2  -fno-common -DPIC -DPIC conftest.c >&5
configure:8237: $? = 0
configure:8250: result: yes
configure:8279: checking if gcc static flag -static works
configure:8307: result: no
configure:8322: checking if gcc supports -c -o file.o
configure:8343: gcc -c -g -O2  -o out/conftest2.o conftest.c >&5
configure:8347: $? = 0
configure:8369: result: yes
configure:8377: checking if gcc supports -c -o file.o
configure:8424: result: yes
configure:8457: checking whether the gcc linker (/Applications/Xcode.app/Contents/Developer/Toolchains/XcodeDefault.xctoolchain/usr/bin/ld) supports shared libraries
configure:9614: result: yes
configure:9854: checking dynamic linker characteristics
configure:10599: result: darwin14.0.0 dyld
configure:10706: checking how to hardcode library paths into programs
configure:10731: result: immediate
configure:11271: checking whether stripping libraries is possible
configure:11285: result: yes
configure:11311: checking if libtool supports shared libraries
configure:11313: result: yes
configure:11316: checking whether to build shared libraries
configure:11337: result: yes
configure:11340: checking whether to build static libraries
configure:11344: result: yes
configure:11384: checking for doxygen
configure:11412: result: false
configure:11430: checking for ANSI C header files
configure:11534: result: yes
configure:11544: checking for stdlib.h
configure:11544: result: yes
configure:11556: checking for an ANSI C-conforming const
configure:11621: gcc -c -g -O2  conftest.c >&5
configure:11621: $? = 0
configure:11628: result: yes
configure:11636: checking for size_t
configure:11636: gcc -c -g -O2  conftest.c >&5
configure:11636: $? = 0
configure:11636: gcc -c -g -O2  conftest.c >&5
conftest.c:65:21: error: expected expression
if (sizeof ((size_t)))
                    ^
1 error generated.
configure:11636: $? = 1
configure: failed program was:
| /* confdefs.h */
| #define PACKAGE_NAME "yaml"
| #define PACKAGE_TARNAME "yaml"
| #define PACKAGE_VERSION "0.1.5"
| #define PACKAGE_STRING "yaml 0.1.5"
| #define PACKAGE_BUGREPORT "http://pyyaml.org/newticket?component=libyaml"
| #define PACKAGE_URL ""
| #define PACKAGE "yaml"
| #define VERSION "0.1.5"
| #define YAML_VERSION_MAJOR 0
| #define YAML_VERSION_MINOR 1
| #define YAML_VERSION_PATCH 5
| #define YAML_VERSION_STRING "0.1.5"
| #define STDC_HEADERS 1
| #define HAVE_SYS_TYPES_H 1
| #define HAVE_SYS_STAT_H 1
| #define HAVE_STDLIB_H 1
| #define HAVE_STRING_H 1
| #define HAVE_MEMORY_H 1
| #define HAVE_STRINGS_H 1
| #define HAVE_INTTYPES_H 1
| #define HAVE_STDINT_H 1
| #define HAVE_UNISTD_H 1
| #define HAVE_DLFCN_H 1
| #define LT_OBJDIR ".libs/"
| #define STDC_HEADERS 1
| #define HAVE_STDLIB_H 1
| /* end confdefs.h.  */
| #include <stdio.h>
| #ifdef HAVE_SYS_TYPES_H
| # include <sys/types.h>
| #endif
| #ifdef HAVE_SYS_STAT_H
| # include <sys/stat.h>
| #endif
| #ifdef STDC_HEADERS
| # include <stdlib.h>
| # include <stddef.h>
| #else
| # ifdef HAVE_STDLIB_H
| #  include <stdlib.h>
| # endif
| #endif
| #ifdef HAVE_STRING_H
| # if !defined STDC_HEADERS && defined HAVE_MEMORY_H
| #  include <memory.h>
| # endif
| # include <string.h>
| #endif
| #ifdef HAVE_STRINGS_H
| # include <strings.h>
| #endif
| #ifdef HAVE_INTTYPES_H
| # include <inttypes.h>
| #endif
| #ifdef HAVE_STDINT_H
| # include <stdint.h>
| #endif
| #ifdef HAVE_UNISTD_H
| # include <unistd.h>
| #endif
| int
| main ()
| {
| if (sizeof ((size_t)))
| 	    return 0;
|   ;
|   return 0;
| }
configure:11636: result: yes
configure:11787: creating ./config.status

## ---------------------- ##
## Running config.status. ##
## ---------------------- ##

This file was extended by yaml config.status 0.1.5, which was
generated by GNU Autoconf 2.68.  Invocation command line was

  CONFIG_FILES    = 
  CONFIG_HEADERS  = 
  CONFIG_LINKS    = 
  CONFIG_COMMANDS = 
  $ ./config.status 

on air-dmitrij.xored.local

config.status:1103: creating yaml-0.1.pc
config.status:1103: creating include/Makefile
config.status:1103: creating src/Makefile
config.status:1103: creating Makefile
config.status:1103: creating tests/Makefile
config.status:1103: creating win32/Makefile
config.status:1103: creating config.h
config.status:1332: executing depfiles commands
config.status:1332: executing libtool commands

## ---------------- ##
## Cache variables. ##
## ---------------- ##

ac_cv_build=x86_64-apple-darwin14.0.0
ac_cv_c_compiler_gnu=yes
ac_cv_c_const=yes
ac_cv_env_CC_set=
ac_cv_env_CC_value=
ac_cv_env_CFLAGS_set=
ac_cv_env_CFLAGS_value=
ac_cv_env_CPPFLAGS_set=
ac_cv_env_CPPFLAGS_value=
ac_cv_env_CPP_set=
ac_cv_env_CPP_value=
ac_cv_env_LDFLAGS_set=
ac_cv_env_LDFLAGS_value=
ac_cv_env_LIBS_set=
ac_cv_env_LIBS_value=
ac_cv_env_build_alias_set=
ac_cv_env_build_alias_value=
ac_cv_env_host_alias_set=
ac_cv_env_host_alias_value=
ac_cv_env_target_alias_set=
ac_cv_env_target_alias_value=
ac_cv_header_dlfcn_h=yes
ac_cv_header_inttypes_h=yes
ac_cv_header_memory_h=yes
ac_cv_header_stdc=yes
ac_cv_header_stdint_h=yes
ac_cv_header_stdlib_h=yes
ac_cv_header_string_h=yes
ac_cv_header_strings_h=yes
ac_cv_header_sys_stat_h=yes
ac_cv_header_sys_types_h=yes
ac_cv_header_unistd_h=yes
ac_cv_host=x86_64-apple-darwin14.0.0
ac_cv_objext=o
ac_cv_path_EGREP='/usr/bin/grep -E'
ac_cv_path_FGREP='/usr/bin/grep -F'
ac_cv_path_GREP=/usr/bin/grep
ac_cv_path_SED=/usr/bin/sed
ac_cv_path_install='/usr/bin/install -c'
ac_cv_prog_AWK=awk
ac_cv_prog_CPP='gcc -E'
ac_cv_prog_DOXYGEN=false
ac_cv_prog_ac_ct_AR=ar
ac_cv_prog_ac_ct_CC=gcc
ac_cv_prog_ac_ct_DSYMUTIL=dsymutil
ac_cv_prog_ac_ct_LIPO=lipo
ac_cv_prog_ac_ct_NMEDIT=nmedit
ac_cv_prog_ac_ct_OTOOL=otool
ac_cv_prog_ac_ct_RANLIB=ranlib
ac_cv_prog_ac_ct_STRIP=strip
ac_cv_prog_cc_c89=
ac_cv_prog_cc_g=yes
ac_cv_prog_make_make_set=yes
ac_cv_type_size_t=yes
am_cv_CC_dependencies_compiler_type=gcc3
lt_cv_apple_cc_single_mod=yes
lt_cv_ar_at_file=no
lt_cv_deplibs_check_method=pass_all
lt_cv_file_magic_cmd='$MAGIC_CMD'
lt_cv_file_magic_test_file=
lt_cv_ld_exported_symbols_list=yes
lt_cv_ld_force_load=yes
lt_cv_ld_reload_flag=-r
lt_cv_nm_interface='BSD nm'
lt_cv_objdir=.libs
lt_cv_path_LD=/Applications/Xcode.app/Contents/Developer/Toolchains/XcodeDefault.xctoolchain/usr/bin/ld
lt_cv_path_NM=/usr/bin/nm
lt_cv_path_mainfest_tool=no
lt_cv_prog_compiler_c_o=yes
lt_cv_prog_compiler_pic='-fno-common -DPIC'
lt_cv_prog_compiler_pic_works=yes
lt_cv_prog_compiler_rtti_exceptions=yes
lt_cv_prog_compiler_static_works=no
lt_cv_prog_gnu_ld=no
lt_cv_sharedlib_from_linklib_cmd='printf %s\n'
lt_cv_sys_global_symbol_pipe='sed -n -e '\''s/^.*[	 ]\([BCDEGRST][BCDEGRST]*\)[	 ][	 ]*_\([_A-Za-z][_A-Za-z0-9]*\)$/\1 _\2 \2/p'\'' | sed '\''/ __gnu_lto/d'\'''
lt_cv_sys_global_symbol_to_c_name_address='sed -n -e '\''s/^: \([^ ]*\)[ ]*$/  {\"\1\", (void *) 0},/p'\'' -e '\''s/^[BCDEGRST]* \([^ ]*\) \([^ ]*\)$/  {"\2", (void *) \&\2},/p'\'''
lt_cv_sys_global_symbol_to_c_name_address_lib_prefix='sed -n -e '\''s/^: \([^ ]*\)[ ]*$/  {\"\1\", (void *) 0},/p'\'' -e '\''s/^[BCDEGRST]* \([^ ]*\) \(lib[^ ]*\)$/  {"\2", (void *) \&\2},/p'\'' -e '\''s/^[BCDEGRST]* \([^ ]*\) \([^ ]*\)$/  {"lib\2", (void *) \&\2},/p'\'''
lt_cv_sys_global_symbol_to_cdecl='sed -n -e '\''s/^T .* \(.*\)$/extern int \1();/p'\'' -e '\''s/^[BCDEGRST]* .* \(.*\)$/extern char \1;/p'\'''
lt_cv_sys_max_cmd_len=196608
lt_cv_to_host_file_cmd=func_convert_file_noop
lt_cv_to_tool_file_cmd=func_convert_file_noop

## ----------------- ##
## Output variables. ##
## ----------------- ##

ACLOCAL='${SHELL} /Users/dima/agnostic/src/yaml/config/missing --run aclocal-1.11'
AMDEPBACKSLASH='\'
AMDEP_FALSE='#'
AMDEP_TRUE=''
AMTAR='$${TAR-tar}'
AR='ar'
AUTOCONF='${SHELL} /Users/dima/agnostic/src/yaml/config/missing --run autoconf'
AUTOHEADER='${SHELL} /Users/dima/agnostic/src/yaml/config/missing --run autoheader'
AUTOMAKE='${SHELL} /Users/dima/agnostic/src/yaml/config/missing --run automake-1.11'
AWK='awk'
CC='gcc'
CCDEPMODE='depmode=gcc3'
CFLAGS='-g -O2'
CPP='gcc -E'
CPPFLAGS=''
CYGPATH_W='echo'
DEFS='-DHAVE_CONFIG_H'
DEPDIR='.deps'
DLLTOOL='false'
DOXYGEN='false'
DOXYGEN_FALSE=''
DOXYGEN_TRUE='#'
DSYMUTIL='dsymutil'
DUMPBIN=''
ECHO_C='\c'
ECHO_N=''
ECHO_T=''
EGREP='/usr/bin/grep -E'
EXEEXT=''
FGREP='/usr/bin/grep -F'
GREP='/usr/bin/grep'
INSTALL_DATA='${INSTALL} -m 644'
INSTALL_PROGRAM='${INSTALL}'
INSTALL_SCRIPT='${INSTALL}'
INSTALL_STRIP_PROGRAM='$(install_sh) -c -s'
LD='/Applications/Xcode.app/Contents/Developer/Toolchains/XcodeDefault.xctoolchain/usr/bin/ld'
LDFLAGS=''
LIBOBJS=''
LIBS=''
LIBTOOL='$(SHELL) $(top_builddir)/libtool'
LIPO='lipo'
LN_S='ln -s'
LTLIBOBJS=''
MAKEINFO='${SHELL} /Users/dima/agnostic/src/yaml/config/missing --run makeinfo'
MANIFEST_TOOL=':'
MKDIR_P='config/install-sh -c -d'
NM='/usr/bin/nm'
NMEDIT='nmedit'
OBJDUMP='false'
OBJEXT='o'
OTOOL64=':'
OTOOL='otool'
PACKAGE='yaml'
PACKAGE_BUGREPORT='http://pyyaml.org/newticket?component=libyaml'
PACKAGE_NAME='yaml'
PACKAGE_STRING='yaml 0.1.5'
PACKAGE_TARNAME='yaml'
PACKAGE_URL=''
PACKAGE_VERSION='0.1.5'
PATH_SEPARATOR=':'
RANLIB='ranlib'
SED='/usr/bin/sed'
SET_MAKE=''
SHELL='/bin/sh'
STRIP='strip'
VERSION='0.1.5'
YAML_LT_AGE='0'
YAML_LT_CURRENT='2'
YAML_LT_RELEASE='0'
YAML_LT_REVISION='3'
ac_ct_AR='ar'
ac_ct_CC='gcc'
ac_ct_DUMPBIN=''
am__EXEEXT_FALSE=''
am__EXEEXT_TRUE='#'
am__fastdepCC_FALSE='#'
am__fastdepCC_TRUE=''
am__include='include'
am__isrc=''
am__leading_dot='.'
am__nodep='_no'
am__quote=''
am__tar='$${TAR-tar} chof - "$$tardir"'
am__untar='$${TAR-tar} xf -'
bindir='${exec_prefix}/bin'
build='x86_64-apple-darwin14.0.0'
build_alias=''
build_cpu='x86_64'
build_os='darwin14.0.0'
build_vendor='apple'
datadir='${datarootdir}'
datarootdir='${prefix}/share'
docdir='${datarootdir}/doc/${PACKAGE_TARNAME}'
dvidir='${docdir}'
exec_prefix='${prefix}'
host='x86_64-apple-darwin14.0.0'
host_alias=''
host_cpu='x86_64'
host_os='darwin14.0.0'
host_vendor='apple'
htmldir='${docdir}'
includedir='${prefix}/include'
infodir='${datarootdir}/info'
install_sh='${SHELL} /Users/dima/agnostic/src/yaml/config/install-sh'
libdir='${exec_prefix}/lib'
libexecdir='${exec_prefix}/libexec'
localedir='${datarootdir}/locale'
localstatedir='${prefix}/var'
mandir='${datarootdir}/man'
mkdir_p='$(top_builddir)/config/install-sh -c -d'
oldincludedir='/usr/include'
pdfdir='${docdir}'
prefix='/usr/local'
program_transform_name='s,x,x,'
psdir='${docdir}'
sbindir='${exec_prefix}/sbin'
sharedstatedir='${prefix}/com'
sysconfdir='${prefix}/etc'
target_alias=''

## ----------- ##
## confdefs.h. ##
## ----------- ##

/* confdefs.h */
#define PACKAGE_NAME "yaml"
#define PACKAGE_TARNAME "yaml"
#define PACKAGE_VERSION "0.1.5"
#define PACKAGE_STRING "yaml 0.1.5"
#define PACKAGE_BUGREPORT "http://pyyaml.org/newticket?component=libyaml"
#define PACKAGE_URL ""
#define PACKAGE "yaml"
#define VERSION "0.1.5"
#define YAML_VERSION_MAJOR 0
#define YAML_VERSION_MINOR 1
#define YAML_VERSION_PATCH 5
#define YAML_VERSION_STRING "0.1.5"
#define STDC_HEADERS 1
#define HAVE_SYS_TYPES_H 1
#define HAVE_SYS_STAT_H 1
#define HAVE_STDLIB_H 1
#define HAVE_STRING_H 1
#define HAVE_MEMORY_H 1
#define HAVE_STRINGS_H 1
#define HAVE_INTTYPES_H 1
#define HAVE_STDINT_H 1
#define HAVE_UNISTD_H 1
#define HAVE_DLFCN_H 1
#define LT_OBJDIR ".libs/"
#define STDC_HEADERS 1
#define HAVE_STDLIB_H 1

configure: exit 0
